

Version:	3.9
CmdLine:	C:\Users\David\Google Drive\IB Risk Monitor.exe --l4j-debug
WOW64:		yes
Working dir:	C:\Users\David\Google Drive\.
64-bit search:	SOFTWARE\JavaSoft\Java Runtime Environment...
Check:		SOFTWARE\JavaSoft\Java Runtime Environment\1.8
Ignore:		1.8
Check:		SOFTWARE\JavaSoft\Java Runtime Environment\1.8.0_111
Check launcher:	C:\Program Files\Java\jre1.8.0_111\bin\javaw.exe (OK)
Match:		1.8.0_111
64-bit search:	SOFTWARE\JavaSoft\Java Development Kit...
Check:		SOFTWARE\JavaSoft\Java Development Kit\1.8
Ignore:		1.8
Check:		SOFTWARE\JavaSoft\Java Development Kit\1.8.0_20
Ignore:		1.8.0_020
Runtime used:	1.8.0_111 (64-bit)
Substitute:	javapath = C:\Program Files\Java\jdk1.8.0_20\bin
Launcher:	C:\Program Files\Java\jre1.8.0_111\bin\javaw.exe
Launcher args:	-Denv.javapath="C:\Program Files\Java\jdk1.8.0_20\bin" -jar "C:\Users\David\Google Drive\IB Risk Monitor.exe"
Args length:	109/32768 chars
Exit code:	0


Version:	3.9
CmdLine:	C:\Users\David\Google Drive\IB Risk Monitor.exe --l4j-debug
WOW64:		yes
Working dir:	C:\Users\David\Google Drive\.
64-bit search:	SOFTWARE\JavaSoft\Java Runtime Environment...
Check:		SOFTWARE\JavaSoft\Java Runtime Environment\1.8
Ignore:		1.8
Check:		SOFTWARE\JavaSoft\Java Runtime Environment\1.8.0_111
Check launcher:	C:\Program Files\Java\jre1.8.0_111\bin\javaw.exe (OK)
Match:		1.8.0_111
64-bit search:	SOFTWARE\JavaSoft\Java Development Kit...
Check:		SOFTWARE\JavaSoft\Java Development Kit\1.8
Ignore:		1.8
Check:		SOFTWARE\JavaSoft\Java Development Kit\1.8.0_20
Ignore:		1.8.0_020
Runtime used:	1.8.0_111 (64-bit)
Substitute:	javapath = C:\Program Files\Java\jdk1.8.0_20\bin
Launcher:	C:\Program Files\Java\jre1.8.0_111\bin\javaw.exe
Launcher args:	-Denv.javapath="C:\Program Files\Java\jdk1.8.0_20\bin" -jar "C:\Users\David\Google Drive\IB Risk Monitor.exe"
Args length:	109/32768 chars
Exit code:	0


Version:	3.9
CmdLine:	C:\Users\tsuen\Google Drive\IB Risk Monitor.exe --l4j-debug
WOW64:		yes
Working dir:	C:\Users\tsuen\Google Drive\.
64-bit search:	SOFTWARE\JavaSoft\Java Runtime Environment...
Check:		SOFTWARE\JavaSoft\Java Runtime Environment\1.8
Ignore:		1.8
Check:		SOFTWARE\JavaSoft\Java Runtime Environment\1.8.0_91
Check launcher:	C:\Program Files\Java\jre1.8.0_91\bin\javaw.exe (OK)
Match:		1.8.0_091
64-bit search:	SOFTWARE\JavaSoft\Java Development Kit...
Check:		SOFTWARE\JavaSoft\Java Development Kit\1.8
Ignore:		1.8
Check:		SOFTWARE\JavaSoft\Java Development Kit\1.8.0_91
Ignore:		1.8.0_091
Runtime used:	1.8.0_091 (64-bit)
Substitute:	javapath = 
Launcher:	C:\Program Files\Java\jre1.8.0_91\bin\javaw.exe
Launcher args:	-Denv.javapath="" -jar "C:\Users\tsuen\Google Drive\IB Risk Monitor.exe"
Args length:	72/32768 chars
Exit code:	0


Version:	3.9
CmdLine:	C:\Users\David\Google Drive\IB Risk Monitor.exe --l4j-debug
WOW64:		yes
Working dir:	C:\Users\David\Google Drive\.
64-bit search:	SOFTWARE\JavaSoft\Java Runtime Environment...
Check:		SOFTWARE\JavaSoft\Java Runtime Environment\1.8
Ignore:		1.8
Check:		SOFTWARE\JavaSoft\Java Runtime Environment\1.8.0_111
Check launcher:	C:\Program Files\Java\jre1.8.0_111\bin\javaw.exe (OK)
Match:		1.8.0_111
64-bit search:	SOFTWARE\JavaSoft\Java Development Kit...
Check:		SOFTWARE\JavaSoft\Java Development Kit\1.8
Ignore:		1.8
Check:		SOFTWARE\JavaSoft\Java Development Kit\1.8.0_20
Ignore:		1.8.0_020
Runtime used:	1.8.0_111 (64-bit)
Substitute:	javapath = C:\Program Files\Java\jdk1.8.0_20\bin
Launcher:	C:\Program Files\Java\jre1.8.0_111\bin\javaw.exe
Launcher args:	-Denv.javapath="C:\Program Files\Java\jdk1.8.0_20\bin" -jar "C:\Users\David\Google Drive\IB Risk Monitor.exe"
Args length:	109/32768 chars
Exit code:	0


Version:	3.9
CmdLine:	C:\Users\David\Google Drive\IB Risk Monitor.exe --l4j-debug
WOW64:		yes
Working dir:	C:\Users\David\Google Drive\.
64-bit search:	SOFTWARE\JavaSoft\Java Runtime Environment...
Check:		SOFTWARE\JavaSoft\Java Runtime Environment\1.8
Ignore:		1.8
Check:		SOFTWARE\JavaSoft\Java Runtime Environment\1.8.0_111
Check launcher:	C:\Program Files\Java\jre1.8.0_111\bin\javaw.exe (OK)
Match:		1.8.0_111
64-bit search:	SOFTWARE\JavaSoft\Java Development Kit...
Check:		SOFTWARE\JavaSoft\Java Development Kit\1.8
Ignore:		1.8
Check:		SOFTWARE\JavaSoft\Java Development Kit\1.8.0_20
Ignore:		1.8.0_020
Runtime used:	1.8.0_111 (64-bit)
Substitute:	javapath = C:\Program Files\Java\jdk1.8.0_20\bin
Launcher:	C:\Program Files\Java\jre1.8.0_111\bin\javaw.exe
Launcher args:	-Denv.javapath="C:\Program Files\Java\jdk1.8.0_20\bin" -jar "C:\Users\David\Google Drive\IB Risk Monitor.exe"
Args length:	109/32768 chars
Exit code:	0


Version:	3.9
CmdLine:	C:\Users\David\Google Drive\IB Risk Monitor.exe --l4j-debug
WOW64:		yes
Working dir:	C:\Users\David\Google Drive\.
64-bit search:	SOFTWARE\JavaSoft\Java Runtime Environment...
Check:		SOFTWARE\JavaSoft\Java Runtime Environment\1.8
Ignore:		1.8
Check:		SOFTWARE\JavaSoft\Java Runtime Environment\1.8.0_111
Check launcher:	C:\Program Files\Java\jre1.8.0_111\bin\javaw.exe (OK)
Match:		1.8.0_111
64-bit search:	SOFTWARE\JavaSoft\Java Development Kit...
Check:		SOFTWARE\JavaSoft\Java Development Kit\1.8
Ignore:		1.8
Check:		SOFTWARE\JavaSoft\Java Development Kit\1.8.0_20
Ignore:		1.8.0_020
Runtime used:	1.8.0_111 (64-bit)
Substitute:	javapath = C:\Program Files\Java\jdk1.8.0_20\bin
Launcher:	C:\Program Files\Java\jre1.8.0_111\bin\javaw.exe
Launcher args:	-Denv.javapath="C:\Program Files\Java\jdk1.8.0_20\bin" -jar "C:\Users\David\Google Drive\IB Risk Monitor.exe"
Args length:	109/32768 chars
Exit code:	0
